\BOOKMARK [1][-]{section.1}{\376\377\000O\000p\000e\000n\000\040\000R\000o\000b\000o\000t\000i\000c\000s\000\040\000A\000u\000t\000o\000m\000a\000t\000i\000o\000n\000\040\000V\000i\000r\000t\000u\000a\000l\000\040\000E\000n\000v\000i\000r\000o\000n\000m\000e\000n\000t}{}
\BOOKMARK [2][-]{subsection.1.1}{\376\377\000G\000e\000t\000t\000i\000n\000g\000\040\000S\000t\000a\000r\000t\000e\000d}{section.1}
\BOOKMARK [2][-]{subsection.1.2}{\376\377\000A\000r\000c\000h\000i\000t\000e\000c\000t\000u\000r\000e}{section.1}
\BOOKMARK [2][-]{subsection.1.3}{\376\377\000R\000e\000f\000e\000r\000e\000n\000c\000e}{section.1}
\BOOKMARK [1][-]{section.2}{\376\377\000B\000a\000s\000i\000c\000\040\000U\000s\000a\000g\000e\000\040\000a\000n\000d\000\040\000L\000o\000a\000d\000i\000n\000g\000\040\000E\000n\000v\000i\000r\000o\000n\000m\000e\000n\000t\000s}{}
\BOOKMARK [1][-]{section.3}{\376\377\000W\000r\000i\000t\000i\000n\000g\000\040\000P\000l\000u\000g\000i\000n\000s\000\040\000a\000n\000d\000\040\000I\000n\000t\000e\000r\000f\000a\000c\000e\000s}{}
\BOOKMARK [2][-]{subsection.3.1}{\376\377\000C\000o\000n\000t\000e\000n\000t\000s}{section.3}
\BOOKMARK [2][-]{subsection.3.2}{\376\377\000M\000a\000k\000i\000n\000g\000\040\000a\000\040\000S\000i\000m\000p\000l\000e\000\040\000I\000n\000t\000e\000r\000f\000a\000c\000e}{section.3}
\BOOKMARK [2][-]{subsection.3.3}{\376\377\000B\000u\000i\000l\000d\000i\000n\000g\000\040\000t\000h\000e\000\040\000P\000l\000u\000g\000i\000n}{section.3}
\BOOKMARK [3][-]{subsubsection.3.3.1}{\376\377\000U\000s\000i\000n\000g\000\040\000C\000M\000a\000k\000e\000\040\000\050\000L\000i\000n\000u\000x\000\040\000a\000n\000d\000\040\000W\000i\000n\000d\000o\000w\000s\000\051}{subsection.3.3}
\BOOKMARK [3][-]{subsubsection.3.3.2}{\376\377\000O\000t\000h\000e\000r\000\040\000B\000u\000i\000l\000d\000\040\000S\000y\000s\000t\000e\000m\000s}{subsection.3.3}
\BOOKMARK [2][-]{subsection.3.4}{\376\377\000U\000s\000i\000n\000g\000\040\000t\000h\000e\000\040\000P\000l\000u\000g\000i\000n}{section.3}
\BOOKMARK [2][-]{subsection.3.5}{\376\377\000D\000o\000c\000u\000m\000e\000n\000t\000i\000n\000g\000\040\000I\000n\000t\000e\000r\000f\000a\000c\000e\000s}{section.3}
\BOOKMARK [2][-]{subsection.3.6}{\376\377\000L\000o\000a\000d\000i\000n\000g\000\040\000P\000l\000u\000g\000i\000n\000s}{section.3}
\BOOKMARK [1][-]{section.4}{\376\377\000C\000+\000+\000\040\000E\000x\000a\000m\000p\000l\000e\000s}{}
\BOOKMARK [2][-]{subsection.4.1}{\376\377\000B\000u\000i\000l\000d\000i\000n\000g}{section.4}
\BOOKMARK [3][-]{subsubsection.4.1.1}{\376\377\000O\000p\000e\000n\000R\000A\000V\000E\000\040\000I\000n\000s\000t\000a\000l\000l\000a\000t\000i\000o\000n\000s}{subsection.4.1}
\BOOKMARK [2][-]{subsection.4.2}{\376\377\000E\000x\000a\000m\000p\000l\000e\000s\000\040\000P\000l\000u\000g\000i\000n\000s}{section.4}
\BOOKMARK [2][-]{subsection.4.3}{\376\377\000E\000x\000a\000m\000p\000l\000e\000s\000\040\000l\000o\000a\000d\000i\000n\000g\000\040\000t\000h\000e\000\040\000O\000p\000e\000n\000R\000A\000V\000E\000\040\000c\000o\000r\000e\000:}{section.4}
\BOOKMARK [2][-]{subsection.4.4}{\376\377\000L\000i\000n\000k\000i\000n\000g\000\040\000w\000i\000t\000h\000\040\000O\000t\000h\000e\000r\000\040\000L\000i\000b\000r\000a\000r\000i\000e\000s}{section.4}
\BOOKMARK [1][-]{section.5}{\376\377\000E\000x\000e\000c\000u\000t\000a\000b\000l\000e\000\040\000P\000r\000o\000g\000r\000a\000m\000s}{}
\BOOKMARK [2][-]{subsection.5.1}{\376\377\000o\000p\000e\000n\000r\000a\000v\000e\000-\000c\000o\000n\000f\000i\000g}{section.5}
\BOOKMARK [1][-]{section.6}{\376\377\000B\000u\000i\000l\000d\000i\000n\000g\000\040\000a\000n\000d\000\040\000I\000n\000s\000t\000a\000l\000l\000i\000n\000g}{}
\BOOKMARK [2][-]{subsection.6.1}{\376\377\000C\000M\000a\000k\000e\000\040\000O\000p\000t\000i\000o\000n\000s}{section.6}
\BOOKMARK [2][-]{subsection.6.2}{\376\377\000I\000n\000s\000t\000a\000l\000l\000\040\000D\000i\000r\000e\000c\000t\000o\000r\000y\000\040\000S\000t\000r\000u\000c\000t\000u\000r\000e}{section.6}
\BOOKMARK [2][-]{subsection.6.3}{\376\377\000B\000u\000i\000l\000d\000i\000n\000g\000\040\000a\000n\000d\000\040\000I\000n\000s\000t\000a\000l\000l\000i\000n\000g\000\040\000o\000n\000\040\000L\000i\000n\000u\000x}{section.6}
\BOOKMARK [3][-]{subsubsection.6.3.1}{\376\377\000I\000n\000s\000t\000a\000l\000l\000i\000n\000g\000\040\000f\000r\000o\000m\000\040\000P\000a\000c\000k\000a\000g\000e\000\040\000M\000a\000n\000a\000g\000e\000r}{subsection.6.3}
\BOOKMARK [3][-]{subsubsection.6.3.2}{\376\377\000N\000e\000c\000e\000s\000s\000a\000r\000y\000\040\000l\000i\000b\000r\000a\000r\000i\000e\000s\000\040\000f\000o\000r\000\040\000O\000l\000d\000\040\000L\000i\000n\000u\000x\000\040\000D\000i\000s\000t\000r\000o\000s}{subsection.6.3}
\BOOKMARK [3][-]{subsubsection.6.3.3}{\376\377\000C\000o\000l\000l\000i\000s\000i\000o\000n\000\040\000C\000h\000e\000c\000k\000e\000r\000s\000\040\000a\000n\000d\000\040\000P\000h\000y\000s\000i\000c\000s\000\040\000S\000i\000m\000u\000l\000a\000t\000o\000r\000s}{subsection.6.3}
\BOOKMARK [3][-]{subsubsection.6.3.4}{\376\377\000P\000y\000t\000h\000o\000n}{subsection.6.3}
\BOOKMARK [3][-]{subsubsection.6.3.5}{\376\377\000O\000c\000t\000a\000v\000e\000/\000M\000a\000t\000l\000a\000b}{subsection.6.3}
\BOOKMARK [3][-]{subsubsection.6.3.6}{\376\377\000B\000u\000i\000l\000d\000i\000n\000g\000\040\000O\000p\000e\000n\000R\000A\000V\000E}{subsection.6.3}
\BOOKMARK [3][-]{subsubsection.6.3.7}{\376\377\000B\000a\000s\000h\000\040\000S\000h\000e\000l\000l}{subsection.6.3}
\BOOKMARK [2][-]{subsection.6.4}{\376\377\000B\000u\000i\000l\000d\000i\000n\000g\000\040\000a\000n\000d\000\040\000I\000n\000s\000t\000a\000l\000l\000i\000n\000g\000\040\000o\000n\000\040\000W\000i\000n\000d\000o\000w\000s}{section.6}
\BOOKMARK [3][-]{subsubsection.6.4.1}{\376\377\000I\000n\000s\000t\000a\000l\000l\000a\000t\000i\000o\000n\000\040\000o\000f\000\040\0003\000r\000d\000\040\000P\000a\000r\000t\000y\000\040\000S\000o\000f\000t\000w\000a\000r\000e}{subsection.6.4}
\BOOKMARK [3][-]{subsubsection.6.4.2}{\376\377\000B\000u\000i\000l\000d\000i\000n\000g\000\040\000O\000p\000e\000n\000R\000A\000V\000E}{subsection.6.4}
\BOOKMARK [3][-]{subsubsection.6.4.3}{\376\377\000U\000p\000d\000a\000t\000i\000n\000g\000\040\000S\000u\000b\000v\000e\000r\000s\000i\000o\000n}{subsection.6.4}
\BOOKMARK [2][-]{subsection.6.5}{\376\377\000B\000u\000i\000l\000d\000i\000n\000g\000\040\000a\000n\000d\000\040\000I\000n\000s\000t\000a\000l\000l\000i\000n\000g\000\040\000o\000n\000\040\000M\000a\000c\000\040\000O\000S\000X}{section.6}
\BOOKMARK [1][-]{section.7}{\376\377\000I\000n\000t\000r\000o\000d\000u\000c\000t\000i\000o\000n\000\040\000t\000o\000\040\000t\000h\000e\000\040\000O\000p\000e\000n\000R\000A\000V\000E\000\040\000A\000r\000c\000h\000i\000t\000e\000c\000t\000u\000r\000e}{}
\BOOKMARK [2][-]{subsection.7.1}{\376\377\000F\000u\000n\000d\000a\000m\000e\000n\000t\000a\000l\000\040\000S\000t\000r\000u\000c\000t\000u\000r\000e}{section.7}
\BOOKMARK [2][-]{subsection.7.2}{\376\377\000E\000n\000v\000i\000r\000o\000n\000m\000e\000n\000t\000\040\000C\000o\000n\000c\000e\000p\000t\000s}{section.7}
\BOOKMARK [3][-]{subsubsection.7.2.1}{\376\377\000L\000o\000c\000k\000i\000n\000g}{subsection.7.2}
\BOOKMARK [3][-]{subsubsection.7.2.2}{\376\377\000S\000i\000m\000u\000l\000a\000t\000i\000o\000n\000\040\000T\000h\000r\000e\000a\000d}{subsection.7.2}
\BOOKMARK [3][-]{subsubsection.7.2.3}{\376\377\000C\000l\000o\000n\000i\000n\000g}{subsection.7.2}
\BOOKMARK [3][-]{subsubsection.7.2.4}{\376\377\000V\000a\000l\000i\000d\000a\000t\000i\000n\000g\000\040\000P\000l\000u\000g\000i\000n\000s}{subsection.7.2}
\BOOKMARK [3][-]{subsubsection.7.2.5}{\376\377\000P\000a\000r\000a\000l\000l\000e\000l\000\040\000E\000x\000e\000c\000u\000t\000i\000o\000n}{subsection.7.2}
\BOOKMARK [2][-]{subsection.7.3}{\376\377\000D\000u\000a\000l\000\040\000S\000i\000m\000u\000l\000a\000t\000i\000o\000n\000/\000C\000o\000n\000t\000r\000o\000l\000\040\000N\000a\000t\000u\000r\000e}{section.7}
\BOOKMARK [2][-]{subsection.7.4}{\376\377\000E\000x\000c\000e\000p\000t\000i\000o\000n\000\040\000H\000a\000n\000d\000l\000i\000n\000g}{section.7}
\BOOKMARK [2][-]{subsection.7.5}{\376\377\000H\000a\000s\000h\000e\000s\000\040\000f\000o\000r\000\040\000B\000o\000d\000y\000\040\000S\000t\000r\000u\000c\000t\000u\000r\000e}{section.7}
\BOOKMARK [2][-]{subsection.7.6}{\376\377\000R\000e\000s\000o\000u\000r\000c\000e\000\040\000F\000i\000l\000e\000\040\000F\000o\000r\000m\000a\000t\000s}{section.7}
\BOOKMARK [1][-]{section.8}{\376\377\000B\000a\000s\000e\000\040\000I\000n\000t\000e\000r\000f\000a\000c\000e\000\040\000C\000o\000n\000c\000e\000p\000t\000s}{}
\BOOKMARK [2][-]{subsection.8.1}{\376\377\000C\000o\000l\000l\000i\000s\000i\000o\000n\000\040\000C\000h\000e\000c\000k\000e\000r\000\040\000C\000o\000n\000c\000e\000p\000t\000s}{section.8}
\BOOKMARK [2][-]{subsection.8.2}{\376\377\000C\000o\000n\000t\000r\000o\000l\000l\000e\000r\000\040\000C\000o\000n\000c\000e\000p\000t\000s}{section.8}
\BOOKMARK [3][-]{subsubsection.8.2.1}{\376\377\000W\000r\000i\000t\000i\000n\000g\000\040\000a\000n\000d\000\040\000U\000s\000i\000n\000g\000\040\000C\000o\000n\000t\000r\000o\000l\000l\000e\000r\000s}{subsection.8.2}
\BOOKMARK [2][-]{subsection.8.3}{\376\377\000I\000n\000v\000e\000r\000s\000e\000\040\000K\000i\000n\000e\000m\000a\000t\000i\000c\000s\000\040\000S\000o\000l\000v\000e\000r\000\040\000C\000o\000n\000c\000e\000p\000t\000s}{section.8}
\BOOKMARK [2][-]{subsection.8.4}{\376\377\000K\000i\000n\000e\000m\000a\000t\000i\000c\000s\000\040\000B\000o\000d\000y\000\040\000C\000o\000n\000c\000e\000p\000t\000s}{section.8}
\BOOKMARK [3][-]{subsubsection.8.4.1}{\376\377\000L\000o\000a\000d\000i\000n\000g\000\040\000O\000p\000t\000i\000o\000n\000s}{subsection.8.4}
\BOOKMARK [2][-]{subsection.8.5}{\376\377\000P\000h\000y\000s\000i\000c\000s\000\040\000E\000n\000g\000i\000n\000e\000\040\000C\000o\000n\000c\000e\000p\000t\000s}{section.8}
\BOOKMARK [2][-]{subsection.8.6}{\376\377\000P\000l\000a\000n\000n\000e\000r\000\040\000C\000o\000n\000c\000e\000p\000t\000s}{section.8}
\BOOKMARK [3][-]{subsubsection.8.6.1}{\376\377\000I\000n\000t\000r\000o\000d\000u\000c\000t\000i\000o\000n}{subsection.8.6}
\BOOKMARK [3][-]{subsubsection.8.6.2}{\376\377\000P\000l\000a\000n\000n\000i\000n\000g\000\040\000D\000e\000t\000a\000i\000l\000s}{subsection.8.6}
\BOOKMARK [3][-]{subsubsection.8.6.3}{\376\377\000P\000l\000a\000n\000n\000e\000r\000\040\000E\000x\000a\000m\000p\000l\000e\000s}{subsection.8.6}
\BOOKMARK [3][-]{subsubsection.8.6.4}{\376\377\000P\000a\000t\000h\000\040\000O\000p\000t\000i\000m\000i\000z\000a\000t\000i\000o\000n}{subsection.8.6}
\BOOKMARK [2][-]{subsection.8.7}{\376\377\000M\000o\000d\000u\000l\000e\000\040\000C\000o\000n\000c\000e\000p\000t\000s}{section.8}
\BOOKMARK [2][-]{subsection.8.8}{\376\377\000R\000o\000b\000o\000t\000\040\000C\000o\000n\000c\000e\000p\000t\000s}{section.8}
\BOOKMARK [3][-]{subsubsection.8.8.1}{\376\377\000M\000a\000n\000i\000p\000u\000l\000a\000t\000o\000r\000s}{subsection.8.8}
\BOOKMARK [3][-]{subsubsection.8.8.2}{\376\377\000A\000c\000t\000i\000v\000e\000\040\000D\000e\000g\000r\000e\000e\000s\000\040\000o\000f\000\040\000F\000r\000e\000e\000d\000o\000m}{subsection.8.8}
\BOOKMARK [3][-]{subsubsection.8.8.3}{\376\377\000G\000r\000a\000b\000b\000i\000n\000g\000\040\000B\000o\000d\000i\000e\000s}{subsection.8.8}
\BOOKMARK [3][-]{subsubsection.8.8.4}{\376\377\000A\000t\000t\000a\000c\000h\000i\000n\000g\000\040\000S\000e\000n\000s\000o\000r\000s}{subsection.8.8}
\BOOKMARK [3][-]{subsubsection.8.8.5}{\376\377\000L\000o\000a\000d\000i\000n\000g\000\040\000O\000p\000t\000i\000o\000n\000s}{subsection.8.8}
\BOOKMARK [2][-]{subsection.8.9}{\376\377\000S\000e\000n\000s\000o\000r\000\040\000C\000o\000n\000c\000e\000p\000t\000s}{section.8}
\BOOKMARK [2][-]{subsection.8.10}{\376\377\000S\000e\000n\000s\000o\000r\000\040\000S\000y\000s\000t\000e\000m\000\040\000C\000o\000n\000c\000e\000p\000t\000s}{section.8}
\BOOKMARK [2][-]{subsection.8.11}{\376\377\000S\000p\000a\000c\000e\000S\000a\000m\000p\000l\000e\000r\000\040\000C\000o\000n\000c\000e\000p\000t\000s}{section.8}
\BOOKMARK [2][-]{subsection.8.12}{\376\377\000V\000i\000e\000w\000e\000r\000\040\000C\000o\000n\000c\000e\000p\000t\000s}{section.8}
\BOOKMARK [1][-]{section.9}{\376\377\000M\000o\000d\000u\000l\000e\000\040\000D\000o\000c\000u\000m\000e\000n\000t\000a\000t\000i\000o\000n}{}
\BOOKMARK [2][-]{subsection.9.1}{\376\377\000P\000l\000u\000g\000i\000n\000\040\000E\000x\000p\000o\000r\000t\000\040\000F\000u\000n\000c\000t\000i\000o\000n\000s}{section.9}
\BOOKMARK [3][-]{subsubsection.9.1.1}{\376\377\000D\000e\000t\000a\000i\000l\000e\000d\000\040\000D\000e\000s\000c\000r\000i\000p\000t\000i\000o\000n}{subsection.9.1}
\BOOKMARK [3][-]{subsubsection.9.1.2}{\376\377\000F\000u\000n\000c\000t\000i\000o\000n\000\040\000D\000o\000c\000u\000m\000e\000n\000t\000a\000t\000i\000o\000n}{subsection.9.1}
\BOOKMARK [2][-]{subsection.9.2}{\376\377\000B\000a\000s\000e\000\040\000I\000n\000t\000e\000r\000f\000a\000c\000e\000\040\000C\000l\000a\000s\000s\000e\000s}{section.9}
\BOOKMARK [3][-]{subsubsection.9.2.1}{\376\377\000D\000e\000t\000a\000i\000l\000e\000d\000\040\000D\000e\000s\000c\000r\000i\000p\000t\000i\000o\000n}{subsection.9.2}
\BOOKMARK [2][-]{subsection.9.3}{\376\377\000G\000e\000o\000m\000e\000t\000r\000i\000c\000\040\000P\000r\000i\000m\000i\000t\000i\000v\000e\000s}{section.9}
\BOOKMARK [3][-]{subsubsection.9.3.1}{\376\377\000D\000e\000t\000a\000i\000l\000e\000d\000\040\000D\000e\000s\000c\000r\000i\000p\000t\000i\000o\000n}{subsection.9.3}
\BOOKMARK [3][-]{subsubsection.9.3.2}{\376\377\000F\000u\000n\000c\000t\000i\000o\000n\000\040\000D\000o\000c\000u\000m\000e\000n\000t\000a\000t\000i\000o\000n}{subsection.9.3}
\BOOKMARK [2][-]{subsection.9.4}{\376\377\000A\000f\000f\000i\000n\000e\000\040\000M\000a\000t\000h}{section.9}
\BOOKMARK [3][-]{subsubsection.9.4.1}{\376\377\000D\000e\000t\000a\000i\000l\000e\000d\000\040\000D\000e\000s\000c\000r\000i\000p\000t\000i\000o\000n}{subsection.9.4}
\BOOKMARK [3][-]{subsubsection.9.4.2}{\376\377\000F\000u\000n\000c\000t\000i\000o\000n\000\040\000D\000o\000c\000u\000m\000e\000n\000t\000a\000t\000i\000o\000n}{subsection.9.4}
\BOOKMARK [1][-]{section.10}{\376\377\000N\000a\000m\000e\000s\000p\000a\000c\000e\000\040\000D\000o\000c\000u\000m\000e\000n\000t\000a\000t\000i\000o\000n}{}
\BOOKMARK [2][-]{subsection.10.1}{\376\377\000b\000o\000o\000s\000t\000\040\000N\000a\000m\000e\000s\000p\000a\000c\000e\000\040\000R\000e\000f\000e\000r\000e\000n\000c\000e}{section.10}
\BOOKMARK [3][-]{subsubsection.10.1.1}{\376\377\000D\000e\000t\000a\000i\000l\000e\000d\000\040\000D\000e\000s\000c\000r\000i\000p\000t\000i\000o\000n}{subsection.10.1}
\BOOKMARK [2][-]{subsection.10.2}{\376\377\000O\000p\000e\000n\000R\000A\000V\000E\000\040\000N\000a\000m\000e\000s\000p\000a\000c\000e\000\040\000R\000e\000f\000e\000r\000e\000n\000c\000e}{section.10}
\BOOKMARK [3][-]{subsubsection.10.2.1}{\376\377\000D\000e\000t\000a\000i\000l\000e\000d\000\040\000D\000e\000s\000c\000r\000i\000p\000t\000i\000o\000n}{subsection.10.2}
\BOOKMARK [3][-]{subsubsection.10.2.2}{\376\377\000T\000y\000p\000e\000d\000e\000f\000\040\000D\000o\000c\000u\000m\000e\000n\000t\000a\000t\000i\000o\000n}{subsection.10.2}
\BOOKMARK [3][-]{subsubsection.10.2.3}{\376\377\000E\000n\000u\000m\000e\000r\000a\000t\000i\000o\000n\000\040\000T\000y\000p\000e\000\040\000D\000o\000c\000u\000m\000e\000n\000t\000a\000t\000i\000o\000n}{subsection.10.2}
\BOOKMARK [3][-]{subsubsection.10.2.4}{\376\377\000F\000u\000n\000c\000t\000i\000o\000n\000\040\000D\000o\000c\000u\000m\000e\000n\000t\000a\000t\000i\000o\000n}{subsection.10.2}
\BOOKMARK [2][-]{subsection.10.3}{\376\377\000O\000p\000e\000n\000R\000A\000V\000E\000:\000:\000g\000e\000o\000m\000e\000t\000r\000y\000\040\000N\000a\000m\000e\000s\000p\000a\000c\000e\000\040\000R\000e\000f\000e\000r\000e\000n\000c\000e}{section.10}
\BOOKMARK [3][-]{subsubsection.10.3.1}{\376\377\000D\000e\000t\000a\000i\000l\000e\000d\000\040\000D\000e\000s\000c\000r\000i\000p\000t\000i\000o\000n}{subsection.10.3}
\BOOKMARK [2][-]{subsection.10.4}{\376\377\000O\000p\000e\000n\000R\000A\000V\000E\000:\000:\000m\000a\000t\000h\000e\000x\000t\000r\000a\000\040\000N\000a\000m\000e\000s\000p\000a\000c\000e\000\040\000R\000e\000f\000e\000r\000e\000n\000c\000e}{section.10}
\BOOKMARK [3][-]{subsubsection.10.4.1}{\376\377\000D\000e\000t\000a\000i\000l\000e\000d\000\040\000D\000e\000s\000c\000r\000i\000p\000t\000i\000o\000n}{subsection.10.4}
\BOOKMARK [3][-]{subsubsection.10.4.2}{\376\377\000F\000u\000n\000c\000t\000i\000o\000n\000\040\000D\000o\000c\000u\000m\000e\000n\000t\000a\000t\000i\000o\000n}{subsection.10.4}
\BOOKMARK [1][-]{section.11}{\376\377\000C\000l\000a\000s\000s\000\040\000D\000o\000c\000u\000m\000e\000n\000t\000a\000t\000i\000o\000n}{}
\BOOKMARK [2][-]{subsection.11.1}{\376\377\000a\000a\000b\000b\000<\000\040\000T\000\040\000>\000\040\000C\000l\000a\000s\000s\000\040\000T\000e\000m\000p\000l\000a\000t\000e\000\040\000R\000e\000f\000e\000r\000e\000n\000c\000e}{section.11}
\BOOKMARK [3][-]{subsubsection.11.1.1}{\376\377\000D\000e\000t\000a\000i\000l\000e\000d\000\040\000D\000e\000s\000c\000r\000i\000p\000t\000i\000o\000n}{subsection.11.1}
\BOOKMARK [2][-]{subsection.11.2}{\376\377\000A\000c\000t\000u\000a\000t\000o\000r\000S\000e\000n\000s\000o\000r\000D\000a\000t\000a\000\040\000C\000l\000a\000s\000s\000\040\000R\000e\000f\000e\000r\000e\000n\000c\000e}{section.11}
\BOOKMARK [3][-]{subsubsection.11.2.1}{\376\377\000D\000e\000t\000a\000i\000l\000e\000d\000\040\000D\000e\000s\000c\000r\000i\000p\000t\000i\000o\000n}{subsection.11.2}
\BOOKMARK [3][-]{subsubsection.11.2.2}{\376\377\000M\000e\000m\000b\000e\000r\000\040\000E\000n\000u\000m\000e\000r\000a\000t\000i\000o\000n\000\040\000D\000o\000c\000u\000m\000e\000n\000t\000a\000t\000i\000o\000n}{subsection.11.2}
\BOOKMARK [2][-]{subsection.11.3}{\376\377\000A\000t\000t\000a\000c\000h\000e\000d\000S\000e\000n\000s\000o\000r\000\040\000C\000l\000a\000s\000s\000\040\000R\000e\000f\000e\000r\000e\000n\000c\000e}{section.11}
\BOOKMARK [3][-]{subsubsection.11.3.1}{\376\377\000D\000e\000t\000a\000i\000l\000e\000d\000\040\000D\000e\000s\000c\000r\000i\000p\000t\000i\000o\000n}{subsection.11.3}
\BOOKMARK [3][-]{subsubsection.11.3.2}{\376\377\000M\000e\000m\000b\000e\000r\000\040\000F\000u\000n\000c\000t\000i\000o\000n\000\040\000D\000o\000c\000u\000m\000e\000n\000t\000a\000t\000i\000o\000n}{subsection.11.3}
\BOOKMARK [2][-]{subsection.11.4}{\376\377\000B\000a\000s\000e\000X\000M\000L\000R\000e\000a\000d\000e\000r\000\040\000C\000l\000a\000s\000s\000\040\000R\000e\000f\000e\000r\000e\000n\000c\000e}{section.11}
\BOOKMARK [3][-]{subsubsection.11.4.1}{\376\377\000D\000e\000t\000a\000i\000l\000e\000d\000\040\000D\000e\000s\000c\000r\000i\000p\000t\000i\000o\000n}{subsection.11.4}
\BOOKMARK [3][-]{subsubsection.11.4.2}{\376\377\000M\000e\000m\000b\000e\000r\000\040\000E\000n\000u\000m\000e\000r\000a\000t\000i\000o\000n\000\040\000D\000o\000c\000u\000m\000e\000n\000t\000a\000t\000i\000o\000n}{subsection.11.4}
\BOOKMARK [3][-]{subsubsection.11.4.3}{\376\377\000M\000e\000m\000b\000e\000r\000\040\000F\000u\000n\000c\000t\000i\000o\000n\000\040\000D\000o\000c\000u\000m\000e\000n\000t\000a\000t\000i\000o\000n}{subsection.11.4}
\BOOKMARK [2][-]{subsection.11.5}{\376\377\000B\000o\000d\000y\000S\000t\000a\000t\000e\000\040\000C\000l\000a\000s\000s\000\040\000R\000e\000f\000e\000r\000e\000n\000c\000e}{section.11}
\BOOKMARK [3][-]{subsubsection.11.5.1}{\376\377\000D\000e\000t\000a\000i\000l\000e\000d\000\040\000D\000e\000s\000c\000r\000i\000p\000t\000i\000o\000n}{subsection.11.5}
\BOOKMARK [2][-]{subsection.11.6}{\376\377\000C\000o\000l\000l\000i\000s\000i\000o\000n\000C\000h\000e\000c\000k\000e\000r\000B\000a\000s\000e\000\040\000C\000l\000a\000s\000s\000\040\000R\000e\000f\000e\000r\000e\000n\000c\000e}{section.11}
\BOOKMARK [3][-]{subsubsection.11.6.1}{\376\377\000D\000e\000t\000a\000i\000l\000e\000d\000\040\000D\000e\000s\000c\000r\000i\000p\000t\000i\000o\000n}{subsection.11.6}
\BOOKMARK [3][-]{subsubsection.11.6.2}{\376\377\000M\000e\000m\000b\000e\000r\000\040\000F\000u\000n\000c\000t\000i\000o\000n\000\040\000D\000o\000c\000u\000m\000e\000n\000t\000a\000t\000i\000o\000n}{subsection.11.6}
\BOOKMARK [2][-]{subsection.11.7}{\376\377\000C\000o\000l\000l\000i\000s\000i\000o\000n\000O\000p\000t\000i\000o\000n\000s\000S\000t\000a\000t\000e\000S\000a\000v\000e\000r\000\040\000C\000l\000a\000s\000s\000\040\000R\000e\000f\000e\000r\000e\000n\000c\000e}{section.11}
\BOOKMARK [3][-]{subsubsection.11.7.1}{\376\377\000D\000e\000t\000a\000i\000l\000e\000d\000\040\000D\000e\000s\000c\000r\000i\000p\000t\000i\000o\000n}{subsection.11.7}
\BOOKMARK [2][-]{subsection.11.8}{\376\377\000C\000o\000l\000l\000i\000s\000i\000o\000n\000R\000e\000p\000o\000r\000t\000\040\000C\000l\000a\000s\000s\000\040\000R\000e\000f\000e\000r\000e\000n\000c\000e}{section.11}
\BOOKMARK [3][-]{subsubsection.11.8.1}{\376\377\000D\000e\000t\000a\000i\000l\000e\000d\000\040\000D\000e\000s\000c\000r\000i\000p\000t\000i\000o\000n}{subsection.11.8}
\BOOKMARK [2][-]{subsection.11.9}{\376\377\000C\000o\000n\000f\000i\000g\000u\000r\000a\000t\000i\000o\000n\000S\000p\000e\000c\000i\000f\000i\000c\000a\000t\000i\000o\000n\000\040\000C\000l\000a\000s\000s\000\040\000R\000e\000f\000e\000r\000e\000n\000c\000e}{section.11}
\BOOKMARK [3][-]{subsubsection.11.9.1}{\376\377\000D\000e\000t\000a\000i\000l\000e\000d\000\040\000D\000e\000s\000c\000r\000i\000p\000t\000i\000o\000n}{subsection.11.9}
\BOOKMARK [3][-]{subsubsection.11.9.2}{\376\377\000M\000e\000m\000b\000e\000r\000\040\000F\000u\000n\000c\000t\000i\000o\000n\000\040\000D\000o\000c\000u\000m\000e\000n\000t\000a\000t\000i\000o\000n}{subsection.11.9}
\BOOKMARK [2][-]{subsection.11.10}{\376\377\000C\000o\000n\000t\000r\000o\000l\000l\000e\000r\000B\000a\000s\000e\000\040\000C\000l\000a\000s\000s\000\040\000R\000e\000f\000e\000r\000e\000n\000c\000e}{section.11}
\BOOKMARK [3][-]{subsubsection.11.10.1}{\376\377\000D\000e\000t\000a\000i\000l\000e\000d\000\040\000D\000e\000s\000c\000r\000i\000p\000t\000i\000o\000n}{subsection.11.10}
\BOOKMARK [3][-]{subsubsection.11.10.2}{\376\377\000M\000e\000m\000b\000e\000r\000\040\000F\000u\000n\000c\000t\000i\000o\000n\000\040\000D\000o\000c\000u\000m\000e\000n\000t\000a\000t\000i\000o\000n}{subsection.11.10}
\BOOKMARK [2][-]{subsection.11.11}{\376\377\000C\000o\000n\000v\000e\000y\000o\000r\000B\000e\000l\000t\000M\000o\000d\000u\000l\000e\000\040\000C\000l\000a\000s\000s\000\040\000R\000e\000f\000e\000r\000e\000n\000c\000e}{section.11}
\BOOKMARK [3][-]{subsubsection.11.11.1}{\376\377\000D\000e\000t\000a\000i\000l\000e\000d\000\040\000D\000e\000s\000c\000r\000i\000p\000t\000i\000o\000n}{subsection.11.11}
\BOOKMARK [2][-]{subsection.11.12}{\376\377\000D\000u\000m\000m\000y\000X\000M\000L\000R\000e\000a\000d\000e\000r\000\040\000C\000l\000a\000s\000s\000\040\000R\000e\000f\000e\000r\000e\000n\000c\000e}{section.11}
\BOOKMARK [3][-]{subsubsection.11.12.1}{\376\377\000D\000e\000t\000a\000i\000l\000e\000d\000\040\000D\000e\000s\000c\000r\000i\000p\000t\000i\000o\000n}{subsection.11.12}
\BOOKMARK [2][-]{subsection.11.13}{\376\377\000E\000n\000v\000i\000r\000o\000n\000m\000e\000n\000t\000B\000a\000s\000e\000\040\000C\000l\000a\000s\000s\000\040\000R\000e\000f\000e\000r\000e\000n\000c\000e}{section.11}
\BOOKMARK [3][-]{subsubsection.11.13.1}{\376\377\000D\000e\000t\000a\000i\000l\000e\000d\000\040\000D\000e\000s\000c\000r\000i\000p\000t\000i\000o\000n}{subsection.11.13}
\BOOKMARK [3][-]{subsubsection.11.13.2}{\376\377\000M\000e\000m\000b\000e\000r\000\040\000T\000y\000p\000e\000d\000e\000f\000\040\000D\000o\000c\000u\000m\000e\000n\000t\000a\000t\000i\000o\000n}{subsection.11.13}
\BOOKMARK [3][-]{subsubsection.11.13.3}{\376\377\000M\000e\000m\000b\000e\000r\000\040\000E\000n\000u\000m\000e\000r\000a\000t\000i\000o\000n\000\040\000D\000o\000c\000u\000m\000e\000n\000t\000a\000t\000i\000o\000n}{subsection.11.13}
\BOOKMARK [3][-]{subsubsection.11.13.4}{\376\377\000M\000e\000m\000b\000e\000r\000\040\000F\000u\000n\000c\000t\000i\000o\000n\000\040\000D\000o\000c\000u\000m\000e\000n\000t\000a\000t\000i\000o\000n}{subsection.11.13}
\BOOKMARK [2][-]{subsection.11.14}{\376\377\000F\000o\000r\000c\000e\0006\000D\000S\000e\000n\000s\000o\000r\000D\000a\000t\000a\000\040\000C\000l\000a\000s\000s\000\040\000R\000e\000f\000e\000r\000e\000n\000c\000e}{section.11}
\BOOKMARK [3][-]{subsubsection.11.14.1}{\376\377\000D\000e\000t\000a\000i\000l\000e\000d\000\040\000D\000e\000s\000c\000r\000i\000p\000t\000i\000o\000n}{subsection.11.14}
\BOOKMARK [2][-]{subsection.11.15}{\376\377\000F\000r\000i\000c\000t\000i\000o\000n\000\040\000S\000t\000r\000u\000c\000t\000\040\000R\000e\000f\000e\000r\000e\000n\000c\000e}{section.11}
\BOOKMARK [3][-]{subsubsection.11.15.1}{\376\377\000D\000e\000t\000a\000i\000l\000e\000d\000\040\000D\000e\000s\000c\000r\000i\000p\000t\000i\000o\000n}{subsection.11.15}
\BOOKMARK [2][-]{subsection.11.16}{\376\377\000f\000r\000u\000s\000t\000u\000m\000<\000\040\000T\000\040\000>\000\040\000C\000l\000a\000s\000s\000\040\000T\000e\000m\000p\000l\000a\000t\000e\000\040\000R\000e\000f\000e\000r\000e\000n\000c\000e}{section.11}
\BOOKMARK [3][-]{subsubsection.11.16.1}{\376\377\000D\000e\000t\000a\000i\000l\000e\000d\000\040\000D\000e\000s\000c\000r\000i\000p\000t\000i\000o\000n}{subsection.11.16}
\BOOKMARK [2][-]{subsection.11.17}{\376\377\000G\000E\000O\000M\000P\000R\000O\000P\000E\000R\000T\000I\000E\000S\000\040\000C\000l\000a\000s\000s\000\040\000R\000e\000f\000e\000r\000e\000n\000c\000e}{section.11}
\BOOKMARK [3][-]{subsubsection.11.17.1}{\376\377\000D\000e\000t\000a\000i\000l\000e\000d\000\040\000D\000e\000s\000c\000r\000i\000p\000t\000i\000o\000n}{subsection.11.17}
\BOOKMARK [3][-]{subsubsection.11.17.2}{\376\377\000M\000e\000m\000b\000e\000r\000\040\000F\000u\000n\000c\000t\000i\000o\000n\000\040\000D\000o\000c\000u\000m\000e\000n\000t\000a\000t\000i\000o\000n}{subsection.11.17}
\BOOKMARK [3][-]{subsubsection.11.17.3}{\376\377\000M\000e\000m\000b\000e\000r\000\040\000D\000a\000t\000a\000\040\000D\000o\000c\000u\000m\000e\000n\000t\000a\000t\000i\000o\000n}{subsection.11.17}
\BOOKMARK [2][-]{subsection.11.18}{\376\377\000G\000r\000a\000b\000b\000e\000d\000\040\000C\000l\000a\000s\000s\000\040\000R\000e\000f\000e\000r\000e\000n\000c\000e}{section.11}
\BOOKMARK [3][-]{subsubsection.11.18.1}{\376\377\000D\000e\000t\000a\000i\000l\000e\000d\000\040\000D\000e\000s\000c\000r\000i\000p\000t\000i\000o\000n}{subsection.11.18}
\BOOKMARK [2][-]{subsection.11.19}{\376\377\000G\000r\000a\000p\000h\000H\000a\000n\000d\000l\000e\000\040\000C\000l\000a\000s\000s\000\040\000R\000e\000f\000e\000r\000e\000n\000c\000e}{section.11}
\BOOKMARK [3][-]{subsubsection.11.19.1}{\376\377\000D\000e\000t\000a\000i\000l\000e\000d\000\040\000D\000e\000s\000c\000r\000i\000p\000t\000i\000o\000n}{subsection.11.19}
\BOOKMARK [3][-]{subsubsection.11.19.2}{\376\377\000M\000e\000m\000b\000e\000r\000\040\000F\000u\000n\000c\000t\000i\000o\000n\000\040\000D\000o\000c\000u\000m\000e\000n\000t\000a\000t\000i\000o\000n}{subsection.11.19}
\BOOKMARK [2][-]{subsection.11.20}{\376\377\000G\000r\000o\000u\000p\000\040\000C\000l\000a\000s\000s\000\040\000R\000e\000f\000e\000r\000e\000n\000c\000e}{section.11}
\BOOKMARK [3][-]{subsubsection.11.20.1}{\376\377\000D\000e\000t\000a\000i\000l\000e\000d\000\040\000D\000e\000s\000c\000r\000i\000p\000t\000i\000o\000n}{subsection.11.20}
\BOOKMARK [3][-]{subsubsection.11.20.2}{\376\377\000M\000e\000m\000b\000e\000r\000\040\000D\000a\000t\000a\000\040\000D\000o\000c\000u\000m\000e\000n\000t\000a\000t\000i\000o\000n}{subsection.11.20}
\BOOKMARK [2][-]{subsection.11.21}{\376\377\000I\000k\000P\000a\000r\000a\000m\000e\000t\000e\000r\000i\000z\000a\000t\000i\000o\000n\000\040\000C\000l\000a\000s\000s\000\040\000R\000e\000f\000e\000r\000e\000n\000c\000e}{section.11}
\BOOKMARK [3][-]{subsubsection.11.21.1}{\376\377\000D\000e\000t\000a\000i\000l\000e\000d\000\040\000D\000e\000s\000c\000r\000i\000p\000t\000i\000o\000n}{subsection.11.21}
\BOOKMARK [3][-]{subsubsection.11.21.2}{\376\377\000M\000e\000m\000b\000e\000r\000\040\000T\000y\000p\000e\000d\000e\000f\000\040\000D\000o\000c\000u\000m\000e\000n\000t\000a\000t\000i\000o\000n}{subsection.11.21}
\BOOKMARK [3][-]{subsubsection.11.21.3}{\376\377\000M\000e\000m\000b\000e\000r\000\040\000F\000u\000n\000c\000t\000i\000o\000n\000\040\000D\000o\000c\000u\000m\000e\000n\000t\000a\000t\000i\000o\000n}{subsection.11.21}
\BOOKMARK [2][-]{subsection.11.22}{\376\377\000I\000k\000S\000o\000l\000v\000e\000r\000B\000a\000s\000e\000\040\000C\000l\000a\000s\000s\000\040\000R\000e\000f\000e\000r\000e\000n\000c\000e}{section.11}
\BOOKMARK [3][-]{subsubsection.11.22.1}{\376\377\000D\000e\000t\000a\000i\000l\000e\000d\000\040\000D\000e\000s\000c\000r\000i\000p\000t\000i\000o\000n}{subsection.11.22}
\BOOKMARK [3][-]{subsubsection.11.22.2}{\376\377\000M\000e\000m\000b\000e\000r\000\040\000T\000y\000p\000e\000d\000e\000f\000\040\000D\000o\000c\000u\000m\000e\000n\000t\000a\000t\000i\000o\000n}{subsection.11.22}
\BOOKMARK [3][-]{subsubsection.11.22.3}{\376\377\000M\000e\000m\000b\000e\000r\000\040\000F\000u\000n\000c\000t\000i\000o\000n\000\040\000D\000o\000c\000u\000m\000e\000n\000t\000a\000t\000i\000o\000n}{subsection.11.22}
\BOOKMARK [2][-]{subsection.11.23}{\376\377\000I\000M\000U\000S\000e\000n\000s\000o\000r\000D\000a\000t\000a\000\040\000C\000l\000a\000s\000s\000\040\000R\000e\000f\000e\000r\000e\000n\000c\000e}{section.11}
\BOOKMARK [3][-]{subsubsection.11.23.1}{\376\377\000D\000e\000t\000a\000i\000l\000e\000d\000\040\000D\000e\000s\000c\000r\000i\000p\000t\000i\000o\000n}{subsection.11.23}
\BOOKMARK [2][-]{subsection.11.24}{\376\377\000I\000n\000t\000e\000r\000f\000a\000c\000e\000B\000a\000s\000e\000\040\000C\000l\000a\000s\000s\000\040\000R\000e\000f\000e\000r\000e\000n\000c\000e}{section.11}
\BOOKMARK [3][-]{subsubsection.11.24.1}{\376\377\000D\000e\000t\000a\000i\000l\000e\000d\000\040\000D\000e\000s\000c\000r\000i\000p\000t\000i\000o\000n}{subsection.11.24}
\BOOKMARK [3][-]{subsubsection.11.24.2}{\376\377\000M\000e\000m\000b\000e\000r\000\040\000T\000y\000p\000e\000d\000e\000f\000\040\000D\000o\000c\000u\000m\000e\000n\000t\000a\000t\000i\000o\000n}{subsection.11.24}
\BOOKMARK [3][-]{subsubsection.11.24.3}{\376\377\000M\000e\000m\000b\000e\000r\000\040\000F\000u\000n\000c\000t\000i\000o\000n\000\040\000D\000o\000c\000u\000m\000e\000n\000t\000a\000t\000i\000o\000n}{subsection.11.24}
\BOOKMARK [2][-]{subsection.11.25}{\376\377\000J\000o\000i\000n\000t\000\040\000C\000l\000a\000s\000s\000\040\000R\000e\000f\000e\000r\000e\000n\000c\000e}{section.11}
\BOOKMARK [3][-]{subsubsection.11.25.1}{\376\377\000D\000e\000t\000a\000i\000l\000e\000d\000\040\000D\000e\000s\000c\000r\000i\000p\000t\000i\000o\000n}{subsection.11.25}
\BOOKMARK [3][-]{subsubsection.11.25.2}{\376\377\000M\000e\000m\000b\000e\000r\000\040\000E\000n\000u\000m\000e\000r\000a\000t\000i\000o\000n\000\040\000D\000o\000c\000u\000m\000e\000n\000t\000a\000t\000i\000o\000n}{subsection.11.25}
\BOOKMARK [3][-]{subsubsection.11.25.3}{\376\377\000M\000e\000m\000b\000e\000r\000\040\000F\000u\000n\000c\000t\000i\000o\000n\000\040\000D\000o\000c\000u\000m\000e\000n\000t\000a\000t\000i\000o\000n}{subsection.11.25}
\BOOKMARK [3][-]{subsubsection.11.25.4}{\376\377\000M\000e\000m\000b\000e\000r\000\040\000D\000a\000t\000a\000\040\000D\000o\000c\000u\000m\000e\000n\000t\000a\000t\000i\000o\000n}{subsection.11.25}
\BOOKMARK [2][-]{subsection.11.26}{\376\377\000J\000o\000i\000n\000t\000E\000n\000c\000o\000d\000e\000r\000S\000e\000n\000s\000o\000r\000D\000a\000t\000a\000\040\000C\000l\000a\000s\000s\000\040\000R\000e\000f\000e\000r\000e\000n\000c\000e}{section.11}
\BOOKMARK [3][-]{subsubsection.11.26.1}{\376\377\000D\000e\000t\000a\000i\000l\000e\000d\000\040\000D\000e\000s\000c\000r\000i\000p\000t\000i\000o\000n}{subsection.11.26}
\BOOKMARK [2][-]{subsection.11.27}{\376\377\000K\000i\000n\000B\000o\000d\000y\000\040\000C\000l\000a\000s\000s\000\040\000R\000e\000f\000e\000r\000e\000n\000c\000e}{section.11}
\BOOKMARK [3][-]{subsubsection.11.27.1}{\376\377\000D\000e\000t\000a\000i\000l\000e\000d\000\040\000D\000e\000s\000c\000r\000i\000p\000t\000i\000o\000n}{subsection.11.27}
\BOOKMARK [3][-]{subsubsection.11.27.2}{\376\377\000M\000e\000m\000b\000e\000r\000\040\000E\000n\000u\000m\000e\000r\000a\000t\000i\000o\000n\000\040\000D\000o\000c\000u\000m\000e\000n\000t\000a\000t\000i\000o\000n}{subsection.11.27}
\BOOKMARK [3][-]{subsubsection.11.27.3}{\376\377\000M\000e\000m\000b\000e\000r\000\040\000F\000u\000n\000c\000t\000i\000o\000n\000\040\000D\000o\000c\000u\000m\000e\000n\000t\000a\000t\000i\000o\000n}{subsection.11.27}
\BOOKMARK [3][-]{subsubsection.11.27.4}{\376\377\000M\000e\000m\000b\000e\000r\000\040\000D\000a\000t\000a\000\040\000D\000o\000c\000u\000m\000e\000n\000t\000a\000t\000i\000o\000n}{subsection.11.27}
\BOOKMARK [2][-]{subsection.11.28}{\376\377\000K\000i\000n\000B\000o\000d\000y\000S\000t\000a\000t\000e\000S\000a\000v\000e\000r\000\040\000C\000l\000a\000s\000s\000\040\000R\000e\000f\000e\000r\000e\000n\000c\000e}{section.11}
\BOOKMARK [3][-]{subsubsection.11.28.1}{\376\377\000D\000e\000t\000a\000i\000l\000e\000d\000\040\000D\000e\000s\000c\000r\000i\000p\000t\000i\000o\000n}{subsection.11.28}
\BOOKMARK [2][-]{subsection.11.29}{\376\377\000L\000i\000n\000e\000C\000o\000l\000l\000i\000s\000i\000o\000n\000C\000o\000n\000s\000t\000r\000a\000i\000n\000t\000\040\000C\000l\000a\000s\000s\000\040\000R\000e\000f\000e\000r\000e\000n\000c\000e}{section.11}
\BOOKMARK [3][-]{subsubsection.11.29.1}{\376\377\000D\000e\000t\000a\000i\000l\000e\000d\000\040\000D\000e\000s\000c\000r\000i\000p\000t\000i\000o\000n}{subsection.11.29}
\BOOKMARK [2][-]{subsection.11.30}{\376\377\000L\000i\000n\000k\000\040\000C\000l\000a\000s\000s\000\040\000R\000e\000f\000e\000r\000e\000n\000c\000e}{section.11}
\BOOKMARK [3][-]{subsubsection.11.30.1}{\376\377\000D\000e\000t\000a\000i\000l\000e\000d\000\040\000D\000e\000s\000c\000r\000i\000p\000t\000i\000o\000n}{subsection.11.30}
\BOOKMARK [3][-]{subsubsection.11.30.2}{\376\377\000M\000e\000m\000b\000e\000r\000\040\000F\000u\000n\000c\000t\000i\000o\000n\000\040\000D\000o\000c\000u\000m\000e\000n\000t\000a\000t\000i\000o\000n}{subsection.11.30}
\BOOKMARK [3][-]{subsubsection.11.30.3}{\376\377\000M\000e\000m\000b\000e\000r\000\040\000D\000a\000t\000a\000\040\000D\000o\000c\000u\000m\000e\000n\000t\000a\000t\000i\000o\000n}{subsection.11.30}
\BOOKMARK [2][-]{subsection.11.31}{\376\377\000M\000a\000n\000a\000g\000e\000D\000a\000t\000a\000\040\000C\000l\000a\000s\000s\000\040\000R\000e\000f\000e\000r\000e\000n\000c\000e}{section.11}
\BOOKMARK [3][-]{subsubsection.11.31.1}{\376\377\000D\000e\000t\000a\000i\000l\000e\000d\000\040\000D\000e\000s\000c\000r\000i\000p\000t\000i\000o\000n}{subsection.11.31}
\BOOKMARK [3][-]{subsubsection.11.31.2}{\376\377\000M\000e\000m\000b\000e\000r\000\040\000F\000u\000n\000c\000t\000i\000o\000n\000\040\000D\000o\000c\000u\000m\000e\000n\000t\000a\000t\000i\000o\000n}{subsection.11.31}
\BOOKMARK [2][-]{subsection.11.32}{\376\377\000M\000a\000n\000i\000p\000u\000l\000a\000t\000o\000r\000\040\000C\000l\000a\000s\000s\000\040\000R\000e\000f\000e\000r\000e\000n\000c\000e}{section.11}
\BOOKMARK [3][-]{subsubsection.11.32.1}{\376\377\000D\000e\000t\000a\000i\000l\000e\000d\000\040\000D\000e\000s\000c\000r\000i\000p\000t\000i\000o\000n}{subsection.11.32}
\BOOKMARK [3][-]{subsubsection.11.32.2}{\376\377\000M\000e\000m\000b\000e\000r\000\040\000F\000u\000n\000c\000t\000i\000o\000n\000\040\000D\000o\000c\000u\000m\000e\000n\000t\000a\000t\000i\000o\000n}{subsection.11.32}
\BOOKMARK [2][-]{subsection.11.33}{\376\377\000M\000a\000n\000i\000p\000u\000l\000a\000t\000o\000r\000I\000K\000G\000o\000a\000l\000S\000a\000m\000p\000l\000e\000r\000\040\000C\000l\000a\000s\000s\000\040\000R\000e\000f\000e\000r\000e\000n\000c\000e}{section.11}
\BOOKMARK [3][-]{subsubsection.11.33.1}{\376\377\000D\000e\000t\000a\000i\000l\000e\000d\000\040\000D\000e\000s\000c\000r\000i\000p\000t\000i\000o\000n}{subsection.11.33}
\BOOKMARK [2][-]{subsection.11.34}{\376\377\000M\000I\000M\000I\000C\000\040\000S\000t\000r\000u\000c\000t\000\040\000R\000e\000f\000e\000r\000e\000n\000c\000e}{section.11}
\BOOKMARK [3][-]{subsubsection.11.34.1}{\376\377\000D\000e\000t\000a\000i\000l\000e\000d\000\040\000D\000e\000s\000c\000r\000i\000p\000t\000i\000o\000n}{subsection.11.34}
\BOOKMARK [2][-]{subsection.11.35}{\376\377\000M\000o\000d\000u\000l\000e\000B\000a\000s\000e\000\040\000C\000l\000a\000s\000s\000\040\000R\000e\000f\000e\000r\000e\000n\000c\000e}{section.11}
\BOOKMARK [3][-]{subsubsection.11.35.1}{\376\377\000D\000e\000t\000a\000i\000l\000e\000d\000\040\000D\000e\000s\000c\000r\000i\000p\000t\000i\000o\000n}{subsection.11.35}
\BOOKMARK [3][-]{subsubsection.11.35.2}{\376\377\000M\000e\000m\000b\000e\000r\000\040\000F\000u\000n\000c\000t\000i\000o\000n\000\040\000D\000o\000c\000u\000m\000e\000n\000t\000a\000t\000i\000o\000n}{subsection.11.35}
\BOOKMARK [2][-]{subsection.11.36}{\376\377\000M\000u\000l\000t\000i\000C\000o\000n\000t\000r\000o\000l\000l\000e\000r\000\040\000C\000l\000a\000s\000s\000\040\000R\000e\000f\000e\000r\000e\000n\000c\000e}{section.11}
\BOOKMARK [3][-]{subsubsection.11.36.1}{\376\377\000D\000e\000t\000a\000i\000l\000e\000d\000\040\000D\000e\000s\000c\000r\000i\000p\000t\000i\000o\000n}{subsection.11.36}
\BOOKMARK [3][-]{subsubsection.11.36.2}{\376\377\000M\000e\000m\000b\000e\000r\000\040\000F\000u\000n\000c\000t\000i\000o\000n\000\040\000D\000o\000c\000u\000m\000e\000n\000t\000a\000t\000i\000o\000n}{subsection.11.36}
\BOOKMARK [2][-]{subsection.11.37}{\376\377\000o\000b\000b\000<\000\040\000T\000\040\000>\000\040\000C\000l\000a\000s\000s\000\040\000T\000e\000m\000p\000l\000a\000t\000e\000\040\000R\000e\000f\000e\000r\000e\000n\000c\000e}{section.11}
\BOOKMARK [3][-]{subsubsection.11.37.1}{\376\377\000D\000e\000t\000a\000i\000l\000e\000d\000\040\000D\000e\000s\000c\000r\000i\000p\000t\000i\000o\000n}{subsection.11.37}
\BOOKMARK [2][-]{subsection.11.38}{\376\377\000O\000d\000o\000m\000e\000t\000r\000y\000S\000e\000n\000s\000o\000r\000D\000a\000t\000a\000\040\000C\000l\000a\000s\000s\000\040\000R\000e\000f\000e\000r\000e\000n\000c\000e}{section.11}
\BOOKMARK [3][-]{subsubsection.11.38.1}{\376\377\000D\000e\000t\000a\000i\000l\000e\000d\000\040\000D\000e\000s\000c\000r\000i\000p\000t\000i\000o\000n}{subsection.11.38}
\BOOKMARK [2][-]{subsection.11.39}{\376\377\000o\000p\000e\000n\000r\000a\000v\000e\000\137\000e\000x\000c\000e\000p\000t\000i\000o\000n\000\040\000C\000l\000a\000s\000s\000\040\000R\000e\000f\000e\000r\000e\000n\000c\000e}{section.11}
\BOOKMARK [3][-]{subsubsection.11.39.1}{\376\377\000D\000e\000t\000a\000i\000l\000e\000d\000\040\000D\000e\000s\000c\000r\000i\000p\000t\000i\000o\000n}{subsection.11.39}
\BOOKMARK [2][-]{subsection.11.40}{\376\377\000P\000h\000y\000s\000i\000c\000s\000E\000n\000g\000i\000n\000e\000B\000a\000s\000e\000\040\000C\000l\000a\000s\000s\000\040\000R\000e\000f\000e\000r\000e\000n\000c\000e}{section.11}
\BOOKMARK [3][-]{subsubsection.11.40.1}{\376\377\000D\000e\000t\000a\000i\000l\000e\000d\000\040\000D\000e\000s\000c\000r\000i\000p\000t\000i\000o\000n}{subsection.11.40}
\BOOKMARK [3][-]{subsubsection.11.40.2}{\376\377\000M\000e\000m\000b\000e\000r\000\040\000F\000u\000n\000c\000t\000i\000o\000n\000\040\000D\000o\000c\000u\000m\000e\000n\000t\000a\000t\000i\000o\000n}{subsection.11.40}
\BOOKMARK [2][-]{subsection.11.41}{\376\377\000P\000l\000a\000n\000n\000e\000r\000B\000a\000s\000e\000\040\000C\000l\000a\000s\000s\000\040\000R\000e\000f\000e\000r\000e\000n\000c\000e}{section.11}
\BOOKMARK [3][-]{subsubsection.11.41.1}{\376\377\000D\000e\000t\000a\000i\000l\000e\000d\000\040\000D\000e\000s\000c\000r\000i\000p\000t\000i\000o\000n}{subsection.11.41}
\BOOKMARK [3][-]{subsubsection.11.41.2}{\376\377\000M\000e\000m\000b\000e\000r\000\040\000T\000y\000p\000e\000d\000e\000f\000\040\000D\000o\000c\000u\000m\000e\000n\000t\000a\000t\000i\000o\000n}{subsection.11.41}
\BOOKMARK [3][-]{subsubsection.11.41.3}{\376\377\000M\000e\000m\000b\000e\000r\000\040\000F\000u\000n\000c\000t\000i\000o\000n\000\040\000D\000o\000c\000u\000m\000e\000n\000t\000a\000t\000i\000o\000n}{subsection.11.41}
\BOOKMARK [2][-]{subsection.11.42}{\376\377\000P\000l\000a\000n\000n\000e\000r\000P\000a\000r\000a\000m\000e\000t\000e\000r\000s\000\040\000C\000l\000a\000s\000s\000\040\000R\000e\000f\000e\000r\000e\000n\000c\000e}{section.11}
\BOOKMARK [3][-]{subsubsection.11.42.1}{\376\377\000D\000e\000t\000a\000i\000l\000e\000d\000\040\000D\000e\000s\000c\000r\000i\000p\000t\000i\000o\000n}{subsection.11.42}
\BOOKMARK [3][-]{subsubsection.11.42.2}{\376\377\000M\000e\000m\000b\000e\000r\000\040\000T\000y\000p\000e\000d\000e\000f\000\040\000D\000o\000c\000u\000m\000e\000n\000t\000a\000t\000i\000o\000n}{subsection.11.42}
\BOOKMARK [3][-]{subsubsection.11.42.3}{\376\377\000M\000e\000m\000b\000e\000r\000\040\000F\000u\000n\000c\000t\000i\000o\000n\000\040\000D\000o\000c\000u\000m\000e\000n\000t\000a\000t\000i\000o\000n}{subsection.11.42}
\BOOKMARK [3][-]{subsubsection.11.42.4}{\376\377\000F\000r\000i\000e\000n\000d\000s\000\040\000A\000n\000d\000\040\000R\000e\000l\000a\000t\000e\000d\000\040\000F\000u\000n\000c\000t\000i\000o\000n\000\040\000D\000o\000c\000u\000m\000e\000n\000t\000a\000t\000i\000o\000n}{subsection.11.42}
\BOOKMARK [3][-]{subsubsection.11.42.5}{\376\377\000M\000e\000m\000b\000e\000r\000\040\000D\000a\000t\000a\000\040\000D\000o\000c\000u\000m\000e\000n\000t\000a\000t\000i\000o\000n}{subsection.11.42}
\BOOKMARK [2][-]{subsection.11.43}{\376\377\000P\000l\000a\000n\000n\000e\000r\000P\000r\000o\000g\000r\000e\000s\000s\000\040\000C\000l\000a\000s\000s\000\040\000R\000e\000f\000e\000r\000e\000n\000c\000e}{section.11}
\BOOKMARK [3][-]{subsubsection.11.43.1}{\376\377\000D\000e\000t\000a\000i\000l\000e\000d\000\040\000D\000e\000s\000c\000r\000i\000p\000t\000i\000o\000n}{subsection.11.43}
\BOOKMARK [2][-]{subsection.11.44}{\376\377\000P\000L\000U\000G\000I\000N\000I\000N\000F\000O\000\040\000C\000l\000a\000s\000s\000\040\000R\000e\000f\000e\000r\000e\000n\000c\000e}{section.11}
\BOOKMARK [3][-]{subsubsection.11.44.1}{\376\377\000D\000e\000t\000a\000i\000l\000e\000d\000\040\000D\000e\000s\000c\000r\000i\000p\000t\000i\000o\000n}{subsection.11.44}
\BOOKMARK [2][-]{subsection.11.45}{\376\377\000P\000o\000i\000n\000t\000\040\000C\000l\000a\000s\000s\000\040\000R\000e\000f\000e\000r\000e\000n\000c\000e}{section.11}
\BOOKMARK [3][-]{subsubsection.11.45.1}{\376\377\000D\000e\000t\000a\000i\000l\000e\000d\000\040\000D\000e\000s\000c\000r\000i\000p\000t\000i\000o\000n}{subsection.11.45}
\BOOKMARK [2][-]{subsection.11.46}{\376\377\000R\000a\000v\000e\000C\000a\000m\000e\000r\000a\000I\000n\000t\000r\000i\000n\000s\000i\000c\000s\000<\000\040\000T\000\040\000>\000\040\000C\000l\000a\000s\000s\000\040\000T\000e\000m\000p\000l\000a\000t\000e\000\040\000R\000e\000f\000e\000r\000e\000n\000c\000e}{section.11}
\BOOKMARK [3][-]{subsubsection.11.46.1}{\376\377\000D\000e\000t\000a\000i\000l\000e\000d\000\040\000D\000e\000s\000c\000r\000i\000p\000t\000i\000o\000n}{subsection.11.46}
\BOOKMARK [3][-]{subsubsection.11.46.2}{\376\377\000M\000e\000m\000b\000e\000r\000\040\000D\000a\000t\000a\000\040\000D\000o\000c\000u\000m\000e\000n\000t\000a\000t\000i\000o\000n}{subsection.11.46}
\BOOKMARK [2][-]{subsection.11.47}{\376\377\000R\000a\000v\000e\000T\000r\000a\000n\000s\000f\000o\000r\000m\000<\000\040\000T\000\040\000>\000\040\000C\000l\000a\000s\000s\000\040\000T\000e\000m\000p\000l\000a\000t\000e\000\040\000R\000e\000f\000e\000r\000e\000n\000c\000e}{section.11}
\BOOKMARK [3][-]{subsubsection.11.47.1}{\376\377\000D\000e\000t\000a\000i\000l\000e\000d\000\040\000D\000e\000s\000c\000r\000i\000p\000t\000i\000o\000n}{subsection.11.47}
\BOOKMARK [2][-]{subsection.11.48}{\376\377\000R\000a\000v\000e\000T\000r\000a\000n\000s\000f\000o\000r\000m\000M\000a\000t\000r\000i\000x\000<\000\040\000T\000\040\000>\000\040\000C\000l\000a\000s\000s\000\040\000T\000e\000m\000p\000l\000a\000t\000e\000\040\000R\000e\000f\000e\000r\000e\000n\000c\000e}{section.11}
\BOOKMARK [3][-]{subsubsection.11.48.1}{\376\377\000D\000e\000t\000a\000i\000l\000e\000d\000\040\000D\000e\000s\000c\000r\000i\000p\000t\000i\000o\000n}{subsection.11.48}
\BOOKMARK [3][-]{subsubsection.11.48.2}{\376\377\000M\000e\000m\000b\000e\000r\000\040\000D\000a\000t\000a\000\040\000D\000o\000c\000u\000m\000e\000n\000t\000a\000t\000i\000o\000n}{subsection.11.48}
\BOOKMARK [2][-]{subsection.11.49}{\376\377\000R\000a\000v\000e\000V\000e\000c\000t\000o\000r\000<\000\040\000T\000\040\000>\000\040\000C\000l\000a\000s\000s\000\040\000T\000e\000m\000p\000l\000a\000t\000e\000\040\000R\000e\000f\000e\000r\000e\000n\000c\000e}{section.11}
\BOOKMARK [3][-]{subsubsection.11.49.1}{\376\377\000D\000e\000t\000a\000i\000l\000e\000d\000\040\000D\000e\000s\000c\000r\000i\000p\000t\000i\000o\000n}{subsection.11.49}
\BOOKMARK [2][-]{subsection.11.50}{\376\377\000r\000a\000y\000<\000\040\000T\000\040\000>\000\040\000C\000l\000a\000s\000s\000\040\000T\000e\000m\000p\000l\000a\000t\000e\000\040\000R\000e\000f\000e\000r\000e\000n\000c\000e}{section.11}
\BOOKMARK [3][-]{subsubsection.11.50.1}{\376\377\000D\000e\000t\000a\000i\000l\000e\000d\000\040\000D\000e\000s\000c\000r\000i\000p\000t\000i\000o\000n}{subsection.11.50}
\BOOKMARK [2][-]{subsection.11.51}{\376\377\000R\000o\000b\000o\000t\000B\000a\000s\000e\000\040\000C\000l\000a\000s\000s\000\040\000R\000e\000f\000e\000r\000e\000n\000c\000e}{section.11}
\BOOKMARK [3][-]{subsubsection.11.51.1}{\376\377\000D\000e\000t\000a\000i\000l\000e\000d\000\040\000D\000e\000s\000c\000r\000i\000p\000t\000i\000o\000n}{subsection.11.51}
\BOOKMARK [3][-]{subsubsection.11.51.2}{\376\377\000M\000e\000m\000b\000e\000r\000\040\000F\000u\000n\000c\000t\000i\000o\000n\000\040\000D\000o\000c\000u\000m\000e\000n\000t\000a\000t\000i\000o\000n}{subsection.11.51}
\BOOKMARK [3][-]{subsubsection.11.51.3}{\376\377\000M\000e\000m\000b\000e\000r\000\040\000D\000a\000t\000a\000\040\000D\000o\000c\000u\000m\000e\000n\000t\000a\000t\000i\000o\000n}{subsection.11.51}
\BOOKMARK [2][-]{subsection.11.52}{\376\377\000R\000o\000b\000o\000t\000S\000t\000a\000t\000e\000S\000a\000v\000e\000r\000\040\000C\000l\000a\000s\000s\000\040\000R\000e\000f\000e\000r\000e\000n\000c\000e}{section.11}
\BOOKMARK [3][-]{subsubsection.11.52.1}{\376\377\000D\000e\000t\000a\000i\000l\000e\000d\000\040\000D\000e\000s\000c\000r\000i\000p\000t\000i\000o\000n}{subsection.11.52}
\BOOKMARK [2][-]{subsection.11.53}{\376\377\000S\000e\000n\000s\000o\000r\000B\000a\000s\000e\000\040\000C\000l\000a\000s\000s\000\040\000R\000e\000f\000e\000r\000e\000n\000c\000e}{section.11}
\BOOKMARK [3][-]{subsubsection.11.53.1}{\376\377\000D\000e\000t\000a\000i\000l\000e\000d\000\040\000D\000e\000s\000c\000r\000i\000p\000t\000i\000o\000n}{subsection.11.53}
\BOOKMARK [3][-]{subsubsection.11.53.2}{\376\377\000M\000e\000m\000b\000e\000r\000\040\000E\000n\000u\000m\000e\000r\000a\000t\000i\000o\000n\000\040\000D\000o\000c\000u\000m\000e\000n\000t\000a\000t\000i\000o\000n}{subsection.11.53}
\BOOKMARK [3][-]{subsubsection.11.53.3}{\376\377\000M\000e\000m\000b\000e\000r\000\040\000F\000u\000n\000c\000t\000i\000o\000n\000\040\000D\000o\000c\000u\000m\000e\000n\000t\000a\000t\000i\000o\000n}{subsection.11.53}
\BOOKMARK [2][-]{subsection.11.54}{\376\377\000S\000e\000n\000s\000o\000r\000D\000a\000t\000a\000\040\000C\000l\000a\000s\000s\000\040\000R\000e\000f\000e\000r\000e\000n\000c\000e}{section.11}
\BOOKMARK [3][-]{subsubsection.11.54.1}{\376\377\000D\000e\000t\000a\000i\000l\000e\000d\000\040\000D\000e\000s\000c\000r\000i\000p\000t\000i\000o\000n}{subsection.11.54}
\BOOKMARK [2][-]{subsection.11.55}{\376\377\000S\000e\000n\000s\000o\000r\000G\000e\000o\000m\000e\000t\000r\000y\000\040\000C\000l\000a\000s\000s\000\040\000R\000e\000f\000e\000r\000e\000n\000c\000e}{section.11}
\BOOKMARK [3][-]{subsubsection.11.55.1}{\376\377\000D\000e\000t\000a\000i\000l\000e\000d\000\040\000D\000e\000s\000c\000r\000i\000p\000t\000i\000o\000n}{subsection.11.55}
\BOOKMARK [2][-]{subsection.11.56}{\376\377\000S\000e\000n\000s\000o\000r\000S\000y\000s\000t\000e\000m\000B\000a\000s\000e\000\040\000C\000l\000a\000s\000s\000\040\000R\000e\000f\000e\000r\000e\000n\000c\000e}{section.11}
\BOOKMARK [3][-]{subsubsection.11.56.1}{\376\377\000D\000e\000t\000a\000i\000l\000e\000d\000\040\000D\000e\000s\000c\000r\000i\000p\000t\000i\000o\000n}{subsection.11.56}
\BOOKMARK [3][-]{subsubsection.11.56.2}{\376\377\000M\000e\000m\000b\000e\000r\000\040\000F\000u\000n\000c\000t\000i\000o\000n\000\040\000D\000o\000c\000u\000m\000e\000n\000t\000a\000t\000i\000o\000n}{subsection.11.56}
\BOOKMARK [2][-]{subsection.11.57}{\376\377\000S\000i\000m\000p\000l\000e\000D\000i\000s\000t\000a\000n\000c\000e\000M\000e\000t\000r\000i\000c\000\040\000C\000l\000a\000s\000s\000\040\000R\000e\000f\000e\000r\000e\000n\000c\000e}{section.11}
\BOOKMARK [3][-]{subsubsection.11.57.1}{\376\377\000D\000e\000t\000a\000i\000l\000e\000d\000\040\000D\000e\000s\000c\000r\000i\000p\000t\000i\000o\000n}{subsection.11.57}
\BOOKMARK [2][-]{subsection.11.58}{\376\377\000S\000i\000m\000p\000l\000e\000N\000e\000i\000g\000h\000b\000o\000r\000h\000o\000o\000d\000S\000a\000m\000p\000l\000e\000r\000\040\000C\000l\000a\000s\000s\000\040\000R\000e\000f\000e\000r\000e\000n\000c\000e}{section.11}
\BOOKMARK [3][-]{subsubsection.11.58.1}{\376\377\000D\000e\000t\000a\000i\000l\000e\000d\000\040\000D\000e\000s\000c\000r\000i\000p\000t\000i\000o\000n}{subsection.11.58}
\BOOKMARK [2][-]{subsection.11.59}{\376\377\000S\000i\000m\000p\000l\000e\000S\000e\000n\000s\000o\000r\000S\000y\000s\000t\000e\000m\000\040\000C\000l\000a\000s\000s\000\040\000R\000e\000f\000e\000r\000e\000n\000c\000e}{section.11}
\BOOKMARK [3][-]{subsubsection.11.59.1}{\376\377\000D\000e\000t\000a\000i\000l\000e\000d\000\040\000D\000e\000s\000c\000r\000i\000p\000t\000i\000o\000n}{subsection.11.59}
\BOOKMARK [2][-]{subsection.11.60}{\376\377\000S\000p\000a\000c\000e\000S\000a\000m\000p\000l\000e\000r\000B\000a\000s\000e\000\040\000C\000l\000a\000s\000s\000\040\000R\000e\000f\000e\000r\000e\000n\000c\000e}{section.11}
\BOOKMARK [3][-]{subsubsection.11.60.1}{\376\377\000D\000e\000t\000a\000i\000l\000e\000d\000\040\000D\000e\000s\000c\000r\000i\000p\000t\000i\000o\000n}{subsection.11.60}
\BOOKMARK [3][-]{subsubsection.11.60.2}{\376\377\000M\000e\000m\000b\000e\000r\000\040\000F\000u\000n\000c\000t\000i\000o\000n\000\040\000D\000o\000c\000u\000m\000e\000n\000t\000a\000t\000i\000o\000n}{subsection.11.60}
\BOOKMARK [2][-]{subsection.11.61}{\376\377\000T\000a\000c\000t\000i\000l\000e\000S\000e\000n\000s\000o\000r\000D\000a\000t\000a\000\040\000C\000l\000a\000s\000s\000\040\000R\000e\000f\000e\000r\000e\000n\000c\000e}{section.11}
\BOOKMARK [3][-]{subsubsection.11.61.1}{\376\377\000D\000e\000t\000a\000i\000l\000e\000d\000\040\000D\000e\000s\000c\000r\000i\000p\000t\000i\000o\000n}{subsection.11.61}
\BOOKMARK [3][-]{subsubsection.11.61.2}{\376\377\000M\000e\000m\000b\000e\000r\000\040\000D\000a\000t\000a\000\040\000D\000o\000c\000u\000m\000e\000n\000t\000a\000t\000i\000o\000n}{subsection.11.61}
\BOOKMARK [2][-]{subsection.11.62}{\376\377\000T\000r\000a\000j\000e\000c\000t\000o\000r\000y\000B\000a\000s\000e\000\040\000C\000l\000a\000s\000s\000\040\000R\000e\000f\000e\000r\000e\000n\000c\000e}{section.11}
\BOOKMARK [3][-]{subsubsection.11.62.1}{\376\377\000D\000e\000t\000a\000i\000l\000e\000d\000\040\000D\000e\000s\000c\000r\000i\000p\000t\000i\000o\000n}{subsection.11.62}
\BOOKMARK [3][-]{subsubsection.11.62.2}{\376\377\000M\000e\000m\000b\000e\000r\000\040\000T\000y\000p\000e\000d\000e\000f\000\040\000D\000o\000c\000u\000m\000e\000n\000t\000a\000t\000i\000o\000n}{subsection.11.62}
\BOOKMARK [3][-]{subsubsection.11.62.3}{\376\377\000M\000e\000m\000b\000e\000r\000\040\000F\000u\000n\000c\000t\000i\000o\000n\000\040\000D\000o\000c\000u\000m\000e\000n\000t\000a\000t\000i\000o\000n}{subsection.11.62}
\BOOKMARK [3][-]{subsubsection.11.62.4}{\376\377\000M\000e\000m\000b\000e\000r\000\040\000D\000a\000t\000a\000\040\000D\000o\000c\000u\000m\000e\000n\000t\000a\000t\000i\000o\000n}{subsection.11.62}
\BOOKMARK [2][-]{subsection.11.63}{\376\377\000t\000r\000i\000a\000n\000g\000l\000e\000<\000\040\000T\000\040\000>\000\040\000C\000l\000a\000s\000s\000\040\000T\000e\000m\000p\000l\000a\000t\000e\000\040\000R\000e\000f\000e\000r\000e\000n\000c\000e}{section.11}
\BOOKMARK [3][-]{subsubsection.11.63.1}{\376\377\000D\000e\000t\000a\000i\000l\000e\000d\000\040\000D\000e\000s\000c\000r\000i\000p\000t\000i\000o\000n}{subsection.11.63}
\BOOKMARK [2][-]{subsection.11.64}{\376\377\000T\000R\000I\000M\000E\000S\000H\000\040\000C\000l\000a\000s\000s\000\040\000R\000e\000f\000e\000r\000e\000n\000c\000e}{section.11}
\BOOKMARK [3][-]{subsubsection.11.64.1}{\376\377\000D\000e\000t\000a\000i\000l\000e\000d\000\040\000D\000e\000s\000c\000r\000i\000p\000t\000i\000o\000n}{subsection.11.64}
\BOOKMARK [2][-]{subsection.11.65}{\376\377\000U\000s\000e\000r\000D\000a\000t\000a\000\040\000C\000l\000a\000s\000s\000\040\000R\000e\000f\000e\000r\000e\000n\000c\000e}{section.11}
\BOOKMARK [3][-]{subsubsection.11.65.1}{\376\377\000D\000e\000t\000a\000i\000l\000e\000d\000\040\000D\000e\000s\000c\000r\000i\000p\000t\000i\000o\000n}{subsection.11.65}
\BOOKMARK [2][-]{subsection.11.66}{\376\377\000V\000i\000e\000w\000e\000r\000B\000a\000s\000e\000\040\000C\000l\000a\000s\000s\000\040\000R\000e\000f\000e\000r\000e\000n\000c\000e}{section.11}
\BOOKMARK [3][-]{subsubsection.11.66.1}{\376\377\000D\000e\000t\000a\000i\000l\000e\000d\000\040\000D\000e\000s\000c\000r\000i\000p\000t\000i\000o\000n}{subsection.11.66}
\BOOKMARK [3][-]{subsubsection.11.66.2}{\376\377\000M\000e\000m\000b\000e\000r\000\040\000T\000y\000p\000e\000d\000e\000f\000\040\000D\000o\000c\000u\000m\000e\000n\000t\000a\000t\000i\000o\000n}{subsection.11.66}
\BOOKMARK [3][-]{subsubsection.11.66.3}{\376\377\000M\000e\000m\000b\000e\000r\000\040\000F\000u\000n\000c\000t\000i\000o\000n\000\040\000D\000o\000c\000u\000m\000e\000n\000t\000a\000t\000i\000o\000n}{subsection.11.66}
\BOOKMARK [2][-]{subsection.11.67}{\376\377\000X\000M\000L\000R\000e\000a\000d\000a\000b\000l\000e\000\040\000C\000l\000a\000s\000s\000\040\000R\000e\000f\000e\000r\000e\000n\000c\000e}{section.11}
\BOOKMARK [3][-]{subsubsection.11.67.1}{\376\377\000D\000e\000t\000a\000i\000l\000e\000d\000\040\000D\000e\000s\000c\000r\000i\000p\000t\000i\000o\000n}{subsection.11.67}
\BOOKMARK [1][-]{section.12}{\376\377\000E\000x\000a\000m\000p\000l\000e\000\040\000D\000o\000c\000u\000m\000e\000n\000t\000a\000t\000i\000o\000n}{}
\BOOKMARK [2][-]{subsection.12.1}{\376\377\000c\000u\000s\000t\000o\000m\000r\000e\000a\000d\000e\000r\000.\000c\000p\000p}{section.12}
\BOOKMARK [2][-]{subsection.12.2}{\376\377\000F\000i\000n\000d\000O\000p\000e\000n\000R\000A\000V\000E\000.\000c\000m\000a\000k\000e}{section.12}
\BOOKMARK [2][-]{subsection.12.3}{\376\377\000i\000k\000f\000a\000s\000t\000l\000o\000a\000d\000e\000r\000.\000c\000p\000p}{section.12}
\BOOKMARK [2][-]{subsection.12.4}{\376\377\000o\000p\000e\000n\000c\000v\000s\000a\000v\000i\000n\000g\000.\000c\000p\000p}{section.12}
\BOOKMARK [2][-]{subsection.12.5}{\376\377\000o\000r\000c\000o\000l\000l\000i\000s\000i\000o\000n\000.\000c\000p\000p}{section.12}
\BOOKMARK [2][-]{subsection.12.6}{\376\377\000o\000r\000c\000o\000n\000v\000e\000y\000o\000r\000m\000o\000v\000e\000m\000e\000n\000t\000.\000c\000p\000p}{section.12}
\BOOKMARK [2][-]{subsection.12.7}{\376\377\000o\000r\000i\000k\000f\000i\000l\000t\000e\000r\000.\000c\000p\000p}{section.12}
\BOOKMARK [2][-]{subsection.12.8}{\376\377\000o\000r\000l\000o\000a\000d\000v\000i\000e\000w\000e\000r\000.\000c\000p\000p}{section.12}
\BOOKMARK [2][-]{subsection.12.9}{\376\377\000o\000r\000m\000u\000l\000t\000i\000c\000o\000n\000t\000r\000o\000l\000.\000c\000p\000p}{section.12}
\BOOKMARK [2][-]{subsection.12.10}{\376\377\000o\000r\000p\000l\000a\000n\000n\000i\000n\000g\000\137\000i\000k\000.\000c\000p\000p}{section.12}
\BOOKMARK [2][-]{subsection.12.11}{\376\377\000o\000r\000p\000l\000a\000n\000n\000i\000n\000g\000\137\000m\000o\000d\000u\000l\000e\000.\000c\000p\000p}{section.12}
\BOOKMARK [2][-]{subsection.12.12}{\376\377\000o\000r\000p\000l\000a\000n\000n\000i\000n\000g\000\137\000p\000l\000a\000n\000n\000e\000r\000.\000c\000p\000p}{section.12}
\BOOKMARK [2][-]{subsection.12.13}{\376\377\000o\000r\000p\000y\000t\000h\000o\000n\000b\000i\000n\000d\000i\000n\000g\000.\000c\000p\000p}{section.12}
\BOOKMARK [2][-]{subsection.12.14}{\376\377\000o\000r\000s\000h\000o\000w\000s\000e\000n\000s\000o\000r\000s\000.\000c\000p\000p}{section.12}
\BOOKMARK [2][-]{subsection.12.15}{\376\377\000o\000r\000t\000r\000a\000j\000e\000c\000t\000o\000r\000y\000.\000c\000p\000p}{section.12}
\BOOKMARK [2][-]{subsection.12.16}{\376\377\000p\000l\000u\000g\000i\000n\000c\000p\000p\000.\000c\000p\000p}{section.12}
